<?xml version="1.0" encoding="UTF-8"?>
<testng-results skipped="0" failed="0" total="1" passed="1">
  <reporter-output>
  </reporter-output>
  <suite name="Default suite" duration-ms="10266" started-at="2019-09-18T13:49:36Z" finished-at="2019-09-18T13:49:46Z">
    <groups>
    </groups>
    <test name="Default test" duration-ms="10266" started-at="2019-09-18T13:49:36Z" finished-at="2019-09-18T13:49:46Z">
      <class name="testcases.DummyTestB">
        <test-method status="PASS" signature="testB()[pri:0, instance:testcases.DummyTestB@62043840]" name="testB" duration-ms="10244" started-at="2019-09-18T19:19:36Z" finished-at="2019-09-18T19:19:46Z">
          <reporter-output>
          </reporter-output>
        </test-method> <!-- testB -->
      </class> <!-- testcases.DummyTestB -->
    </test> <!-- Default test -->
  </suite> <!-- Default suite -->
</testng-results>
