<?xml version="1.0" encoding="UTF-8"?>
<testng-results skipped="0" failed="0" total="1" passed="1">
  <reporter-output>
  </reporter-output>
  <suite name="Default suite" duration-ms="36512" started-at="2019-09-20T13:16:25Z" finished-at="2019-09-20T13:17:02Z">
    <groups>
    </groups>
    <test name="Default test" duration-ms="36512" started-at="2019-09-20T13:16:25Z" finished-at="2019-09-20T13:17:02Z">
      <class name="testcases.DummyTestB">
        <test-method status="PASS" signature="testB()[pri:0, instance:testcases.DummyTestB@62043840]" name="testB" duration-ms="36470" started-at="2019-09-20T18:46:25Z" finished-at="2019-09-20T18:47:02Z">
          <reporter-output>
          </reporter-output>
        </test-method> <!-- testB -->
      </class> <!-- testcases.DummyTestB -->
    </test> <!-- Default test -->
  </suite> <!-- Default suite -->
</testng-results>
